<?xml version="1.0" encoding="utf-8"?><testsuites name="pytest tests"><testsuite name="pytest" errors="0" failures="0" skipped="0" tests="11" time="28.280" timestamp="2026-04-01T12:56:15.516649+00:00" hostname="agent-env-c8c31a2a-4552-441e-9086-f0d1ce30d616"><testcase classname="backend.tests.test_ai_goals_budgets.TestAIGenerateGoalsAndBudgets" name="test_generate_goals_returns_401_without_auth" time="0.259" /><testcase classname="backend.tests.test_ai_goals_budgets.TestAIGenerateGoalsAndBudgets" name="test_generate_goals_without_insights_returns_error" time="0.381" /><testcase classname="backend.tests.test_ai_goals_budgets.TestAIGenerateGoalsAndBudgets" name="test_generate_goals_returns_goals_and_budgets_arrays" time="5.876" /><testcase classname="backend.tests.test_ai_goals_budgets.TestAIGenerateGoalsAndBudgets" name="test_generated_goals_have_required_fields" time="6.915" /><testcase classname="backend.tests.test_ai_goals_budgets.TestAIGenerateGoalsAndBudgets" name="test_generated_budgets_have_required_fields" time="5.810" /><testcase classname="backend.tests.test_ai_goals_budgets.TestBudgetCreation" name="test_create_budget_returns_401_without_auth" time="0.200" /><testcase classname="backend.tests.test_ai_goals_budgets.TestBudgetCreation" name="test_create_budget_with_category_field" time="0.289" /><testcase classname="backend.tests.test_ai_goals_budgets.TestBudgetCreation" name="test_create_budget_marketing_500_monthly" time="0.146" /><testcase classname="backend.tests.test_ai_goals_budgets.TestBudgetRetrieval" name="test_get_budgets_returns_list" time="0.134" /><testcase classname="backend.tests.test_ai_goals_budgets.TestBudgetRetrieval" name="test_budgets_have_category_and_amount" time="0.138" /><testcase classname="backend.tests.test_ai_goals_budgets.TestEndToEndFlow" name="test_full_flow_generate_and_verify_budgets" time="8.018" /></testsuite></testsuites>