<?xml version="1.0" encoding="utf-8"?><testsuites name="pytest tests"><testsuite name="pytest" errors="0" failures="0" skipped="0" tests="6" time="8.278" timestamp="2026-04-01T12:35:47.043390+00:00" hostname="agent-env-c8c31a2a-4552-441e-9086-f0d1ce30d616"><testcase classname="backend.tests.test_ai_goals.TestGenerateGoalsEndpoint" name="test_generate_goals_without_auth_returns_401" time="0.177" /><testcase classname="backend.tests.test_ai_goals.TestGenerateGoalsEndpoint" name="test_generate_goals_without_insights_returns_error" time="0.379" /><testcase classname="backend.tests.test_ai_goals.TestGenerateGoalsEndpoint" name="test_generate_goals_with_valid_insights" time="2.677" /><testcase classname="backend.tests.test_ai_goals.TestGenerateGoalsEndpoint" name="test_generated_goals_have_required_fields" time="4.710" /><testcase classname="backend.tests.test_ai_goals.TestAIInsightsEndpoint" name="test_cached_insights_without_auth_returns_401" time="0.109" /><testcase classname="backend.tests.test_ai_goals.TestAIInsightsEndpoint" name="test_cached_insights_with_auth" time="0.149" /></testsuite></testsuites>