<?xml version="1.0" encoding="utf-8"?><testsuites name="pytest tests"><testsuite name="pytest" errors="0" failures="0" skipped="0" tests="11" time="2.693" timestamp="2026-04-01T10:47:04.339342+00:00" hostname="agent-env-c8c31a2a-4552-441e-9086-f0d1ce30d616"><testcase classname="backend.tests.test_new_features.TestAuth" name="test_login_success" time="0.355" /><testcase classname="backend.tests.test_new_features.TestRecurringEndpoints" name="test_get_recurring_returns_success" time="0.323" /><testcase classname="backend.tests.test_new_features.TestRecurringEndpoints" name="test_create_recurring_transaction" time="0.135" /><testcase classname="backend.tests.test_new_features.TestExportEndpoints" name="test_export_transactions_returns_csv" time="0.348" /><testcase classname="backend.tests.test_new_features.TestExportEndpoints" name="test_export_invoices_returns_csv" time="0.132" /><testcase classname="backend.tests.test_new_features.TestExportEndpoints" name="test_export_clients_returns_csv" time="0.130" /><testcase classname="backend.tests.test_new_features.TestExportEndpoints" name="test_export_report_returns_csv" time="0.130" /><testcase classname="backend.tests.test_new_features.TestTransactionStats" name="test_get_transaction_stats" time="0.342" /><testcase classname="backend.tests.test_new_features.TestExportWithFilters" name="test_export_transactions_with_type_filter" time="0.320" /><testcase classname="backend.tests.test_new_features.TestExportWithFilters" name="test_export_transactions_with_date_filter" time="0.134" /><testcase classname="backend.tests.test_new_features.TestExportWithFilters" name="test_export_invoices_with_status_filter" time="0.173" /></testsuite></testsuites>