<?xml version="1.0" encoding="utf-8"?><testsuites name="pytest tests"><testsuite name="pytest" errors="0" failures="0" skipped="0" tests="12" time="6.421" timestamp="2026-04-01T12:18:43.175812+00:00" hostname="agent-env-c8c31a2a-4552-441e-9086-f0d1ce30d616"><testcase classname="backend.tests.test_suppliers.TestSuppliersAuth" name="test_get_suppliers_without_auth_returns_401" time="0.317" /><testcase classname="backend.tests.test_suppliers.TestSuppliersAuth" name="test_post_supplier_without_auth_returns_401" time="0.133" /><testcase classname="backend.tests.test_suppliers.TestSuppliersCRUD" name="test_get_suppliers_returns_list" time="0.442" /><testcase classname="backend.tests.test_suppliers.TestSuppliersCRUD" name="test_create_supplier_success" time="0.876" /><testcase classname="backend.tests.test_suppliers.TestSuppliersCRUD" name="test_create_and_get_supplier_by_id" time="0.645" /><testcase classname="backend.tests.test_suppliers.TestSuppliersCRUD" name="test_update_supplier" time="0.772" /><testcase classname="backend.tests.test_suppliers.TestSuppliersCRUD" name="test_delete_supplier" time="0.652" /><testcase classname="backend.tests.test_suppliers.TestSuppliersCRUD" name="test_search_suppliers_by_name" time="0.639" /><testcase classname="backend.tests.test_suppliers.TestSuppliersCRUD" name="test_search_suppliers_by_email" time="0.602" /><testcase classname="backend.tests.test_suppliers.TestSuppliersCRUD" name="test_search_suppliers_by_company" time="0.607" /><testcase classname="backend.tests.test_suppliers.TestSuppliersCRUD" name="test_get_nonexistent_supplier_returns_404" time="0.310" /><testcase classname="backend.tests.test_suppliers.TestSuppliersCleanup" name="test_cleanup_test_suppliers" time="0.335" /></testsuite></testsuites>