<?xml version="1.0" encoding="utf-8"?><testsuites name="pytest tests"><testsuite name="pytest" errors="0" failures="0" skipped="0" tests="13" time="2.261" timestamp="2026-04-01T12:02:26.411441+00:00" hostname="agent-env-c8c31a2a-4552-441e-9086-f0d1ce30d616"><testcase classname="backend.tests.test_iteration7_features.TestAuth" name="test_login_success" time="0.223" /><testcase classname="backend.tests.test_iteration7_features.TestExchangeRates" name="test_get_exchange_rates" time="0.098" /><testcase classname="backend.tests.test_iteration7_features.TestExchangeRates" name="test_convert_currency_eur_to_usd" time="0.111" /><testcase classname="backend.tests.test_iteration7_features.TestExchangeRates" name="test_convert_currency_usd_to_gbp" time="0.118" /><testcase classname="backend.tests.test_iteration7_features.TestExchangeRates" name="test_convert_currency_same_currency" time="0.118" /><testcase classname="backend.tests.test_iteration7_features.TestAdminPanel" name="test_admin_stats" time="0.331" /><testcase classname="backend.tests.test_iteration7_features.TestAdminPanel" name="test_admin_users_list" time="0.118" /><testcase classname="backend.tests.test_iteration7_features.TestAdminPanel" name="test_admin_stats_unauthorized" time="0.137" /><testcase classname="backend.tests.test_iteration7_features.TestAdminPanel" name="test_admin_users_unauthorized" time="0.099" /><testcase classname="backend.tests.test_iteration7_features.TestNotificationPreferences" name="test_get_notification_preferences" time="0.304" /><testcase classname="backend.tests.test_iteration7_features.TestNotificationPreferences" name="test_update_notification_preferences" time="0.319" /><testcase classname="backend.tests.test_iteration7_features.TestNotificationPreferences" name="test_send_test_email" time="0.109" /><testcase classname="backend.tests.test_iteration7_features.TestNotificationPreferences" name="test_notification_preferences_unauthorized" time="0.104" /></testsuite></testsuites>