<?xml version="1.0" encoding="utf-8"?><testsuites name="pytest tests"><testsuite name="pytest" errors="0" failures="0" skipped="0" tests="9" time="3.391" timestamp="2026-04-01T11:03:17.978045+00:00" hostname="agent-env-c8c31a2a-4552-441e-9086-f0d1ce30d616"><testcase classname="tests.test_new_features_v2.TestAuth" name="test_login_success" time="0.404" /><testcase classname="tests.test_new_features_v2.TestMultiCurrencyTransactions" name="test_create_transaction_with_eur_currency" time="0.412" /><testcase classname="tests.test_new_features_v2.TestMultiCurrencyTransactions" name="test_create_transaction_with_gbp_currency" time="0.170" /><testcase classname="tests.test_new_features_v2.TestMultiCurrencyTransactions" name="test_create_transaction_with_inr_currency" time="0.124" /><testcase classname="tests.test_new_features_v2.TestMultiCurrencyTransactions" name="test_create_transaction_default_usd_currency" time="0.133" /><testcase classname="tests.test_new_features_v2.TestMultiCurrencyTransactions" name="test_get_transactions_returns_currency_field" time="0.191" /><testcase classname="tests.test_new_features_v2.TestMultiCurrencyTransactions" name="test_update_transaction_currency" time="0.377" /><testcase classname="tests.test_new_features_v2.TestTransactionStats" name="test_get_transaction_stats" time="0.402" /><testcase classname="tests.test_new_features_v2.TestCleanup" name="test_cleanup_test_transactions" time="0.990" /></testsuite></testsuites>