<?xml version="1.0" encoding="utf-8"?><testsuites name="pytest tests"><testsuite name="pytest" errors="0" failures="1" skipped="0" tests="8" time="11.729" timestamp="2026-04-01T13:25:19.850733+00:00" hostname="agent-env-c8c31a2a-4552-441e-9086-f0d1ce30d616"><testcase classname="backend.tests.test_responsive_api.TestAIGenerateGoals" name="test_generate_goals_returns_401_without_auth" time="0.517" /><testcase classname="backend.tests.test_responsive_api.TestAIGenerateGoals" name="test_generate_goals_without_insights_returns_message" time="0.395" /><testcase classname="backend.tests.test_responsive_api.TestAIGenerateGoals" name="test_generate_goals_returns_both_goals_and_budgets" time="9.248" /><testcase classname="backend.tests.test_responsive_api.TestBudgetsAPI" name="test_create_budget_returns_401_without_auth" time="0.400" /><testcase classname="backend.tests.test_responsive_api.TestBudgetsAPI" name="test_create_budget_with_category_field" time="0.378" /><testcase classname="backend.tests.test_responsive_api.TestBudgetsAPI" name="test_get_budgets_returns_list" time="0.365" /><testcase classname="backend.tests.test_responsive_api.TestHealthCheck" name="test_api_is_accessible" time="0.120"><failure message="AssertionError: API not accessible: 401&#10;assert 401 in [200, 404]&#10; +  where 401 = &lt;Response [401]&gt;.status_code">backend/tests/test_responsive_api.py:168: in test_api_is_accessible
    assert response.status_code in [200, 404], f"API not accessible: {response.status_code}"
E   AssertionError: API not accessible: 401
E   assert 401 in [200, 404]
E    +  where 401 = &lt;Response [401]&gt;.status_code</failure></testcase><testcase classname="backend.tests.test_responsive_api.TestHealthCheck" name="test_login_works" time="0.203" /></testsuite></testsuites>